Fri May 03 2024 7:0:0 } [PH] error: 
Invalid `prisma.appointment.findMany()` invocation:


Authentication failed against database server at `localhost`, the provided database credentials for `postgres` are not valid.

Please make sure to provide valid database credentials for the database server at `localhost`.
Fri May 03 2024 7:1:0 } [PH] error: 
Invalid `prisma.appointment.findMany()` invocation:


Authentication failed against database server at `localhost`, the provided database credentials for `postgres` are not valid.

Please make sure to provide valid database credentials for the database server at `localhost`.
Fri May 03 2024 7:2:0 } [PH] error: 
Invalid `prisma.appointment.findMany()` invocation:


Authentication failed against database server at `localhost`, the provided database credentials for `postgres` are not valid.

Please make sure to provide valid database credentials for the database server at `localhost`.
Fri May 03 2024 7:3:0 } [PH] error: 
Invalid `prisma.appointment.findMany()` invocation:


Authentication failed against database server at `localhost`, the provided database credentials for `postgres` are not valid.

Please make sure to provide valid database credentials for the database server at `localhost`.
Fri May 03 2024 7:4:0 } [PH] error: 
Invalid `prisma.appointment.findMany()` invocation:


Authentication failed against database server at `localhost`, the provided database credentials for `postgres` are not valid.

Please make sure to provide valid database credentials for the database server at `localhost`.
Fri May 03 2024 7:5:0 } [PH] error: 
Invalid `prisma.appointment.findMany()` invocation:


Authentication failed against database server at `localhost`, the provided database credentials for `postgres` are not valid.

Please make sure to provide valid database credentials for the database server at `localhost`.
Fri May 03 2024 7:6:0 } [PH] error: 
Invalid `prisma.appointment.findMany()` invocation:


Authentication failed against database server at `localhost`, the provided database credentials for `postgres` are not valid.

Please make sure to provide valid database credentials for the database server at `localhost`.
Fri May 03 2024 7:7:0 } [PH] error: 
Invalid `prisma.appointment.findMany()` invocation:


Authentication failed against database server at `localhost`, the provided database credentials for `postgres` are not valid.

Please make sure to provide valid database credentials for the database server at `localhost`.
Fri May 03 2024 7:8:0 } [PH] error: 
Invalid `prisma.appointment.findMany()` invocation:


Authentication failed against database server at `localhost`, the provided database credentials for `postgres` are not valid.

Please make sure to provide valid database credentials for the database server at `localhost`.
Fri May 03 2024 7:9:0 } [PH] error: 
Invalid `prisma.appointment.findMany()` invocation:


Authentication failed against database server at `localhost`, the provided database credentials for `postgres` are not valid.

Please make sure to provide valid database credentials for the database server at `localhost`.
Fri May 03 2024 7:10:0 } [PH] error: 
Invalid `prisma.appointment.findMany()` invocation:


Authentication failed against database server at `localhost`, the provided database credentials for `postgres` are not valid.

Please make sure to provide valid database credentials for the database server at `localhost`.
Fri May 03 2024 7:11:0 } [PH] error: 
Invalid `prisma.appointment.findMany()` invocation:


Authentication failed against database server at `localhost`, the provided database credentials for `postgres` are not valid.

Please make sure to provide valid database credentials for the database server at `localhost`.
Fri May 03 2024 7:12:0 } [PH] error: 
Invalid `prisma.appointment.findMany()` invocation:


Authentication failed against database server at `localhost`, the provided database credentials for `postgres` are not valid.

Please make sure to provide valid database credentials for the database server at `localhost`.
Fri May 03 2024 7:13:0 } [PH] error: 
Invalid `prisma.appointment.findMany()` invocation:


Authentication failed against database server at `localhost`, the provided database credentials for `postgres` are not valid.

Please make sure to provide valid database credentials for the database server at `localhost`.
Fri May 03 2024 7:14:0 } [PH] error: 
Invalid `prisma.appointment.findMany()` invocation:


Authentication failed against database server at `localhost`, the provided database credentials for `postgres` are not valid.

Please make sure to provide valid database credentials for the database server at `localhost`.
Fri May 03 2024 7:15:0 } [PH] error: 
Invalid `prisma.appointment.findMany()` invocation:


Authentication failed against database server at `localhost`, the provided database credentials for `postgres` are not valid.

Please make sure to provide valid database credentials for the database server at `localhost`.
Fri May 03 2024 7:16:0 } [PH] error: 
Invalid `prisma.appointment.findMany()` invocation:


Authentication failed against database server at `localhost`, the provided database credentials for `postgres` are not valid.

Please make sure to provide valid database credentials for the database server at `localhost`.
Fri May 03 2024 7:17:0 } [PH] error: 
Invalid `prisma.appointment.findMany()` invocation:


Authentication failed against database server at `localhost`, the provided database credentials for `postgres` are not valid.

Please make sure to provide valid database credentials for the database server at `localhost`.
Fri May 03 2024 7:18:0 } [PH] error: 
Invalid `prisma.appointment.findMany()` invocation:


Authentication failed against database server at `localhost`, the provided database credentials for `postgres` are not valid.

Please make sure to provide valid database credentials for the database server at `localhost`.
Fri May 03 2024 7:19:0 } [PH] error: 
Invalid `prisma.appointment.findMany()` invocation:


Authentication failed against database server at `localhost`, the provided database credentials for `postgres` are not valid.

Please make sure to provide valid database credentials for the database server at `localhost`.
Fri May 03 2024 7:20:0 } [PH] error: 
Invalid `prisma.appointment.findMany()` invocation:


Authentication failed against database server at `localhost`, the provided database credentials for `postgres` are not valid.

Please make sure to provide valid database credentials for the database server at `localhost`.
Fri May 03 2024 7:21:0 } [PH] error: 
Invalid `prisma.appointment.findMany()` invocation:


Authentication failed against database server at `localhost`, the provided database credentials for `postgres` are not valid.

Please make sure to provide valid database credentials for the database server at `localhost`.
Fri May 03 2024 7:22:0 } [PH] error: 
Invalid `prisma.appointment.findMany()` invocation:


Authentication failed against database server at `localhost`, the provided database credentials for `postgres` are not valid.

Please make sure to provide valid database credentials for the database server at `localhost`.
Fri May 03 2024 7:23:0 } [PH] error: 
Invalid `prisma.appointment.findMany()` invocation:


Authentication failed against database server at `localhost`, the provided database credentials for `postgres` are not valid.

Please make sure to provide valid database credentials for the database server at `localhost`.
Fri May 03 2024 7:24:0 } [PH] error: 
Invalid `prisma.appointment.findMany()` invocation:


Authentication failed against database server at `localhost`, the provided database credentials for `postgres` are not valid.

Please make sure to provide valid database credentials for the database server at `localhost`.
Fri May 03 2024 7:25:0 } [PH] error: 
Invalid `prisma.appointment.findMany()` invocation:


Authentication failed against database server at `localhost`, the provided database credentials for `postgres` are not valid.

Please make sure to provide valid database credentials for the database server at `localhost`.
Fri May 03 2024 7:26:0 } [PH] error: 
Invalid `prisma.appointment.findMany()` invocation:


Authentication failed against database server at `localhost`, the provided database credentials for `postgres` are not valid.

Please make sure to provide valid database credentials for the database server at `localhost`.
Fri May 03 2024 7:27:0 } [PH] error: 
Invalid `prisma.appointment.findMany()` invocation:


Authentication failed against database server at `localhost`, the provided database credentials for `postgres` are not valid.

Please make sure to provide valid database credentials for the database server at `localhost`.
Fri May 03 2024 7:28:0 } [PH] error: 
Invalid `prisma.appointment.findMany()` invocation:


Authentication failed against database server at `localhost`, the provided database credentials for `postgres` are not valid.

Please make sure to provide valid database credentials for the database server at `localhost`.
Fri May 03 2024 7:29:0 } [PH] error: 
Invalid `prisma.appointment.findMany()` invocation:


Authentication failed against database server at `localhost`, the provided database credentials for `postgres` are not valid.

Please make sure to provide valid database credentials for the database server at `localhost`.
Fri May 03 2024 7:30:0 } [PH] error: 
Invalid `prisma.appointment.findMany()` invocation:


Authentication failed against database server at `localhost`, the provided database credentials for `postgres` are not valid.

Please make sure to provide valid database credentials for the database server at `localhost`.
Fri May 03 2024 7:31:0 } [PH] error: 
Invalid `prisma.appointment.findMany()` invocation:


Authentication failed against database server at `localhost`, the provided database credentials for `postgres` are not valid.

Please make sure to provide valid database credentials for the database server at `localhost`.
Fri May 03 2024 7:32:0 } [PH] error: 
Invalid `prisma.appointment.findMany()` invocation:


Authentication failed against database server at `localhost`, the provided database credentials for `postgres` are not valid.

Please make sure to provide valid database credentials for the database server at `localhost`.
Fri May 03 2024 7:33:0 } [PH] error: 
Invalid `prisma.appointment.findMany()` invocation:


Authentication failed against database server at `localhost`, the provided database credentials for `postgres` are not valid.

Please make sure to provide valid database credentials for the database server at `localhost`.
Fri May 03 2024 7:34:0 } [PH] error: 
Invalid `prisma.appointment.findMany()` invocation:


Authentication failed against database server at `localhost`, the provided database credentials for `postgres` are not valid.

Please make sure to provide valid database credentials for the database server at `localhost`.
Fri May 03 2024 7:35:0 } [PH] error: 
Invalid `prisma.appointment.findMany()` invocation:


Authentication failed against database server at `localhost`, the provided database credentials for `postgres` are not valid.

Please make sure to provide valid database credentials for the database server at `localhost`.
Fri May 03 2024 7:36:0 } [PH] error: 
Invalid `prisma.appointment.findMany()` invocation:


Authentication failed against database server at `localhost`, the provided database credentials for `postgres` are not valid.

Please make sure to provide valid database credentials for the database server at `localhost`.
Fri May 03 2024 7:37:0 } [PH] error: 
Invalid `prisma.appointment.findMany()` invocation:


Authentication failed against database server at `localhost`, the provided database credentials for `postgres` are not valid.

Please make sure to provide valid database credentials for the database server at `localhost`.
Fri May 03 2024 7:38:0 } [PH] error: 
Invalid `prisma.appointment.findMany()` invocation:


Authentication failed against database server at `localhost`, the provided database credentials for `postgres` are not valid.

Please make sure to provide valid database credentials for the database server at `localhost`.
Fri May 03 2024 7:39:0 } [PH] error: 
Invalid `prisma.appointment.findMany()` invocation:


Authentication failed against database server at `localhost`, the provided database credentials for `postgres` are not valid.

Please make sure to provide valid database credentials for the database server at `localhost`.
Fri May 03 2024 7:40:0 } [PH] error: 
Invalid `prisma.appointment.findMany()` invocation:


Authentication failed against database server at `localhost`, the provided database credentials for `postgres` are not valid.

Please make sure to provide valid database credentials for the database server at `localhost`.
Fri May 03 2024 7:41:0 } [PH] error: 
Invalid `prisma.appointment.findMany()` invocation:


Authentication failed against database server at `localhost`, the provided database credentials for `postgres` are not valid.

Please make sure to provide valid database credentials for the database server at `localhost`.
Fri May 03 2024 7:42:0 } [PH] error: 
Invalid `prisma.appointment.findMany()` invocation:


Authentication failed against database server at `localhost`, the provided database credentials for `postgres` are not valid.

Please make sure to provide valid database credentials for the database server at `localhost`.
Fri May 03 2024 7:43:0 } [PH] error: 
Invalid `prisma.appointment.findMany()` invocation:


Authentication failed against database server at `localhost`, the provided database credentials for `postgres` are not valid.

Please make sure to provide valid database credentials for the database server at `localhost`.
Fri May 03 2024 7:44:0 } [PH] error: 
Invalid `prisma.appointment.findMany()` invocation:


Authentication failed against database server at `localhost`, the provided database credentials for `postgres` are not valid.

Please make sure to provide valid database credentials for the database server at `localhost`.
Fri May 03 2024 7:45:0 } [PH] error: 
Invalid `prisma.appointment.findMany()` invocation:


Authentication failed against database server at `localhost`, the provided database credentials for `postgres` are not valid.

Please make sure to provide valid database credentials for the database server at `localhost`.
Fri May 03 2024 7:46:0 } [PH] error: 
Invalid `prisma.appointment.findMany()` invocation:


Authentication failed against database server at `localhost`, the provided database credentials for `postgres` are not valid.

Please make sure to provide valid database credentials for the database server at `localhost`.
Fri May 03 2024 7:47:0 } [PH] error: 
Invalid `prisma.appointment.findMany()` invocation:


Authentication failed against database server at `localhost`, the provided database credentials for `postgres` are not valid.

Please make sure to provide valid database credentials for the database server at `localhost`.
Fri May 03 2024 7:48:0 } [PH] error: 
Invalid `prisma.appointment.findMany()` invocation:


Authentication failed against database server at `localhost`, the provided database credentials for `postgres` are not valid.

Please make sure to provide valid database credentials for the database server at `localhost`.
Fri May 03 2024 7:49:0 } [PH] error: 
Invalid `prisma.appointment.findMany()` invocation:


Authentication failed against database server at `localhost`, the provided database credentials for `postgres` are not valid.

Please make sure to provide valid database credentials for the database server at `localhost`.
Fri May 03 2024 7:50:0 } [PH] error: 
Invalid `prisma.appointment.findMany()` invocation:


Authentication failed against database server at `localhost`, the provided database credentials for `postgres` are not valid.

Please make sure to provide valid database credentials for the database server at `localhost`.
Fri May 03 2024 7:51:5 } [PH] error: 
Invalid `prisma.appointment.findMany()` invocation:


Can't reach database server at `localhost`:`5432`

Please make sure your database server is running at `localhost`:`5432`.
Fri May 03 2024 7:52:4 } [PH] error: 
Invalid `prisma.appointment.findMany()` invocation:


Can't reach database server at `localhost`:`5432`

Please make sure your database server is running at `localhost`:`5432`.
Fri May 03 2024 7:53:4 } [PH] error: 
Invalid `prisma.appointment.findMany()` invocation:


Can't reach database server at `localhost`:`5432`

Please make sure your database server is running at `localhost`:`5432`.
Fri May 03 2024 7:54:4 } [PH] error: 
Invalid `prisma.appointment.findMany()` invocation:


Can't reach database server at `localhost`:`5432`

Please make sure your database server is running at `localhost`:`5432`.
Fri May 03 2024 7:55:0 } [PH] error: 
Invalid `prisma.appointment.findMany()` invocation:


Authentication failed against database server at `localhost`, the provided database credentials for `postgres` are not valid.

Please make sure to provide valid database credentials for the database server at `localhost`.
Fri May 03 2024 7:56:0 } [PH] error: 
Invalid `prisma.appointment.findMany()` invocation:


Authentication failed against database server at `localhost`, the provided database credentials for `postgres` are not valid.

Please make sure to provide valid database credentials for the database server at `localhost`.
Fri May 03 2024 7:57:0 } [PH] error: 
Invalid `prisma.appointment.findMany()` invocation:


Authentication failed against database server at `localhost`, the provided database credentials for `postgres` are not valid.

Please make sure to provide valid database credentials for the database server at `localhost`.
